[0.132s] DEBUG:colcon:Command line arguments: ['/usr/bin/colcon', 'build']
[0.132s] DEBUG:colcon:Parsed command line arguments: Namespace(ament_cmake_args=None, base_paths=['.'], build_base='build', catkin_cmake_args=None, catkin_skip_building_tests=False, cmake_args=None, cmake_clean_cache=False, cmake_clean_first=False, cmake_force_configure=False, cmake_target=None, cmake_target_skip_unavailable=False, continue_on_error=False, event_handlers=None, executor='parallel', ignore_user_meta=False, install_base='install', log_base=None, log_level=None, main=<bound method BuildVerb.main of <colcon_core.verb.build.BuildVerb object at 0x7fc60ada1b80>>, merge_install=False, metas=['./colcon.meta'], packages_above=None, packages_above_and_dependencies=None, packages_above_depth=None, packages_end=None, packages_ignore=None, packages_ignore_regex=None, packages_select=None, packages_select_build_failed=False, packages_select_by_dep=None, packages_select_regex=None, packages_select_test_failures=False, packages_skip=None, packages_skip_build_finished=False, packages_skip_by_dep=None, packages_skip_regex=None, packages_skip_test_passed=False, packages_skip_up_to=None, packages_start=None, packages_up_to=None, packages_up_to_regex=None, parallel_workers=6, paths=None, symlink_install=False, test_result_base=None, verb_extension=<colcon_core.verb.build.BuildVerb object at 0x7fc60ada1b80>, verb_name='build', verb_parser=<colcon_defaults.argument_parser.defaults.DefaultArgumentsDecorator object at 0x7fc60adae130>)
[0.148s] Level 1:colcon.colcon_core.package_discovery:discover_packages(colcon_meta) check parameters
[0.148s] Level 1:colcon.colcon_core.package_discovery:discover_packages(recursive) check parameters
[0.148s] Level 1:colcon.colcon_core.package_discovery:discover_packages(ignore) check parameters
[0.148s] Level 1:colcon.colcon_core.package_discovery:discover_packages(path) check parameters
[0.149s] Level 1:colcon.colcon_core.package_discovery:discover_packages(colcon_meta) discover
[0.149s] Level 1:colcon.colcon_core.package_discovery:discover_packages(recursive) discover
[0.149s] INFO:colcon.colcon_core.package_discovery:Crawling recursively for packages in '/home/sun/Desktop/plugin_github/nav2_3d_costmap_plugin'
[0.149s] Level 1:colcon.colcon_core.package_identification:_identify(.) by extensions ['ignore', 'ignore_ament_install']
[0.149s] Level 1:colcon.colcon_core.package_identification:_identify(.) by extension 'ignore'
[0.149s] Level 1:colcon.colcon_core.package_identification:_identify(.) by extension 'ignore_ament_install'
[0.149s] Level 1:colcon.colcon_core.package_identification:_identify(.) by extensions ['colcon_pkg']
[0.149s] Level 1:colcon.colcon_core.package_identification:_identify(.) by extension 'colcon_pkg'
[0.149s] Level 1:colcon.colcon_core.package_identification:_identify(.) by extensions ['colcon_meta']
[0.149s] Level 1:colcon.colcon_core.package_identification:_identify(.) by extension 'colcon_meta'
[0.149s] Level 1:colcon.colcon_core.package_identification:_identify(.) by extensions ['ros']
[0.149s] Level 1:colcon.colcon_core.package_identification:_identify(.) by extension 'ros'
[0.160s] Level 1:colcon.colcon_core.package_identification:_identify(.) by extensions ['cmake', 'python']
[0.160s] Level 1:colcon.colcon_core.package_identification:_identify(.) by extension 'cmake'
[0.160s] Level 1:colcon.colcon_core.package_identification:_identify(.) by extension 'python'
[0.160s] Level 1:colcon.colcon_core.package_identification:_identify(.) by extensions ['python_setup_py']
[0.160s] Level 1:colcon.colcon_core.package_identification:_identify(.) by extension 'python_setup_py'
[0.160s] Level 1:colcon.colcon_core.package_identification:_identify(build) by extensions ['ignore', 'ignore_ament_install']
[0.160s] Level 1:colcon.colcon_core.package_identification:_identify(build) by extension 'ignore'
[0.160s] Level 1:colcon.colcon_core.package_identification:_identify(build) ignored
[0.160s] Level 1:colcon.colcon_core.package_identification:_identify(doc) by extensions ['ignore', 'ignore_ament_install']
[0.160s] Level 1:colcon.colcon_core.package_identification:_identify(doc) by extension 'ignore'
[0.160s] Level 1:colcon.colcon_core.package_identification:_identify(doc) by extension 'ignore_ament_install'
[0.160s] Level 1:colcon.colcon_core.package_identification:_identify(doc) by extensions ['colcon_pkg']
[0.160s] Level 1:colcon.colcon_core.package_identification:_identify(doc) by extension 'colcon_pkg'
[0.160s] Level 1:colcon.colcon_core.package_identification:_identify(doc) by extensions ['colcon_meta']
[0.161s] Level 1:colcon.colcon_core.package_identification:_identify(doc) by extension 'colcon_meta'
[0.161s] Level 1:colcon.colcon_core.package_identification:_identify(doc) by extensions ['ros']
[0.161s] Level 1:colcon.colcon_core.package_identification:_identify(doc) by extension 'ros'
[0.161s] Level 1:colcon.colcon_core.package_identification:_identify(doc) by extensions ['cmake', 'python']
[0.161s] Level 1:colcon.colcon_core.package_identification:_identify(doc) by extension 'cmake'
[0.161s] Level 1:colcon.colcon_core.package_identification:_identify(doc) by extension 'python'
[0.161s] Level 1:colcon.colcon_core.package_identification:_identify(doc) by extensions ['python_setup_py']
[0.161s] Level 1:colcon.colcon_core.package_identification:_identify(doc) by extension 'python_setup_py'
[0.161s] Level 1:colcon.colcon_core.package_identification:_identify(install) by extensions ['ignore', 'ignore_ament_install']
[0.161s] Level 1:colcon.colcon_core.package_identification:_identify(install) by extension 'ignore'
[0.161s] Level 1:colcon.colcon_core.package_identification:_identify(install) ignored
[0.161s] Level 1:colcon.colcon_core.package_identification:_identify(log) by extensions ['ignore', 'ignore_ament_install']
[0.161s] Level 1:colcon.colcon_core.package_identification:_identify(log) by extension 'ignore'
[0.161s] Level 1:colcon.colcon_core.package_identification:_identify(log) ignored
[0.161s] Level 1:colcon.colcon_core.package_identification:_identify(nav2_3d_costmap_plugin) by extensions ['ignore', 'ignore_ament_install']
[0.161s] Level 1:colcon.colcon_core.package_identification:_identify(nav2_3d_costmap_plugin) by extension 'ignore'
[0.162s] Level 1:colcon.colcon_core.package_identification:_identify(nav2_3d_costmap_plugin) by extension 'ignore_ament_install'
[0.162s] Level 1:colcon.colcon_core.package_identification:_identify(nav2_3d_costmap_plugin) by extensions ['colcon_pkg']
[0.162s] Level 1:colcon.colcon_core.package_identification:_identify(nav2_3d_costmap_plugin) by extension 'colcon_pkg'
[0.162s] Level 1:colcon.colcon_core.package_identification:_identify(nav2_3d_costmap_plugin) by extensions ['colcon_meta']
[0.162s] Level 1:colcon.colcon_core.package_identification:_identify(nav2_3d_costmap_plugin) by extension 'colcon_meta'
[0.162s] Level 1:colcon.colcon_core.package_identification:_identify(nav2_3d_costmap_plugin) by extensions ['ros']
[0.162s] Level 1:colcon.colcon_core.package_identification:_identify(nav2_3d_costmap_plugin) by extension 'ros'
[0.164s] DEBUG:colcon.colcon_core.package_identification:Package 'nav2_3d_costmap_plugin' with type 'ros.ament_cmake' and name 'nav2_3d_static_layer'
[0.164s] Level 1:colcon.colcon_core.package_discovery:discover_packages(recursive) using defaults
[0.164s] Level 1:colcon.colcon_core.package_discovery:discover_packages(ignore) discover
[0.164s] Level 1:colcon.colcon_core.package_discovery:discover_packages(ignore) using defaults
[0.164s] Level 1:colcon.colcon_core.package_discovery:discover_packages(path) discover
[0.164s] Level 1:colcon.colcon_core.package_discovery:discover_packages(path) using defaults
[0.168s] Level 5:colcon.colcon_core.verb:set package 'nav2_3d_static_layer' build argument 'cmake_args' from command line to 'None'
[0.168s] Level 5:colcon.colcon_core.verb:set package 'nav2_3d_static_layer' build argument 'cmake_target' from command line to 'None'
[0.168s] Level 5:colcon.colcon_core.verb:set package 'nav2_3d_static_layer' build argument 'cmake_target_skip_unavailable' from command line to 'False'
[0.168s] Level 5:colcon.colcon_core.verb:set package 'nav2_3d_static_layer' build argument 'cmake_clean_cache' from command line to 'False'
[0.168s] Level 5:colcon.colcon_core.verb:set package 'nav2_3d_static_layer' build argument 'cmake_clean_first' from command line to 'False'
[0.168s] Level 5:colcon.colcon_core.verb:set package 'nav2_3d_static_layer' build argument 'cmake_force_configure' from command line to 'False'
[0.168s] Level 5:colcon.colcon_core.verb:set package 'nav2_3d_static_layer' build argument 'ament_cmake_args' from command line to 'None'
[0.168s] Level 5:colcon.colcon_core.verb:set package 'nav2_3d_static_layer' build argument 'catkin_cmake_args' from command line to 'None'
[0.168s] Level 5:colcon.colcon_core.verb:set package 'nav2_3d_static_layer' build argument 'catkin_skip_building_tests' from command line to 'False'
[0.168s] DEBUG:colcon.colcon_core.verb:Building package 'nav2_3d_static_layer' with the following arguments: {'ament_cmake_args': None, 'build_base': '/home/sun/Desktop/plugin_github/nav2_3d_costmap_plugin/build/nav2_3d_static_layer', 'catkin_cmake_args': None, 'catkin_skip_building_tests': False, 'cmake_args': None, 'cmake_clean_cache': False, 'cmake_clean_first': False, 'cmake_force_configure': False, 'cmake_target': None, 'cmake_target_skip_unavailable': False, 'install_base': '/home/sun/Desktop/plugin_github/nav2_3d_costmap_plugin/install/nav2_3d_static_layer', 'merge_install': False, 'path': '/home/sun/Desktop/plugin_github/nav2_3d_costmap_plugin/nav2_3d_costmap_plugin', 'symlink_install': False, 'test_result_base': None}
[0.168s] INFO:colcon.colcon_core.executor:Executing jobs using 'parallel' executor
[0.170s] DEBUG:colcon.colcon_parallel_executor.executor.parallel:run_until_complete
[0.170s] INFO:colcon.colcon_ros.task.ament_cmake.build:Building ROS package in '/home/sun/Desktop/plugin_github/nav2_3d_costmap_plugin/nav2_3d_costmap_plugin' with build type 'ament_cmake'
[0.173s] INFO:colcon.colcon_core.plugin_system:Skipping extension 'colcon_core.shell.bat': Not used on non-Windows systems
[0.174s] INFO:colcon.colcon_cmake.task.cmake.build:Building CMake package in '/home/sun/Desktop/plugin_github/nav2_3d_costmap_plugin/nav2_3d_costmap_plugin'
[0.174s] INFO:colcon.colcon_core.shell:Skip shell extension 'powershell' for command environment: Not usable outside of PowerShell
[0.174s] DEBUG:colcon.colcon_core.shell:Skip shell extension 'dsv' for command environment
[0.179s] DEBUG:colcon.colcon_core.shell:Ignoring prefix path '/opt/ros/foxy'
[0.191s] DEBUG:colcon.colcon_core.event_handler.log_command:Invoking command in '/home/sun/Desktop/plugin_github/nav2_3d_costmap_plugin/build/nav2_3d_static_layer': CMAKE_PREFIX_PATH=${CMAKE_PREFIX_PATH}:/home/sun/turtlebot3_ws/install/turtlebot3_teleop:/home/sun/turtlebot3_ws/install/turtlebot3_example:/home/sun/navigation2/src/install/opencv_tests:/home/sun/navigation2/src/install/nav2_gazebo_spawner:/opt/ros/foxy /usr/bin/cmake --build /home/sun/Desktop/plugin_github/nav2_3d_costmap_plugin/build/nav2_3d_static_layer -- -j6 -l6
[21.126s] DEBUG:colcon.colcon_core.event_handler.log_command:Invoked command in '/home/sun/Desktop/plugin_github/nav2_3d_costmap_plugin/build/nav2_3d_static_layer' returned '0': CMAKE_PREFIX_PATH=${CMAKE_PREFIX_PATH}:/home/sun/turtlebot3_ws/install/turtlebot3_teleop:/home/sun/turtlebot3_ws/install/turtlebot3_example:/home/sun/navigation2/src/install/opencv_tests:/home/sun/navigation2/src/install/nav2_gazebo_spawner:/opt/ros/foxy /usr/bin/cmake --build /home/sun/Desktop/plugin_github/nav2_3d_costmap_plugin/build/nav2_3d_static_layer -- -j6 -l6
[21.186s] DEBUG:colcon.colcon_core.event_handler.log_command:Invoking command in '/home/sun/Desktop/plugin_github/nav2_3d_costmap_plugin/build/nav2_3d_static_layer': CMAKE_PREFIX_PATH=${CMAKE_PREFIX_PATH}:/home/sun/turtlebot3_ws/install/turtlebot3_teleop:/home/sun/turtlebot3_ws/install/turtlebot3_example:/home/sun/navigation2/src/install/opencv_tests:/home/sun/navigation2/src/install/nav2_gazebo_spawner:/opt/ros/foxy /usr/bin/cmake --install /home/sun/Desktop/plugin_github/nav2_3d_costmap_plugin/build/nav2_3d_static_layer
[21.209s] Level 1:colcon.colcon_core.environment:create_environment_scripts_only(nav2_3d_static_layer)
[21.210s] DEBUG:colcon.colcon_core.event_handler.log_command:Invoked command in '/home/sun/Desktop/plugin_github/nav2_3d_costmap_plugin/build/nav2_3d_static_layer' returned '0': CMAKE_PREFIX_PATH=${CMAKE_PREFIX_PATH}:/home/sun/turtlebot3_ws/install/turtlebot3_teleop:/home/sun/turtlebot3_ws/install/turtlebot3_example:/home/sun/navigation2/src/install/opencv_tests:/home/sun/navigation2/src/install/nav2_gazebo_spawner:/opt/ros/foxy /usr/bin/cmake --install /home/sun/Desktop/plugin_github/nav2_3d_costmap_plugin/build/nav2_3d_static_layer
[21.217s] Level 1:colcon.colcon_core.environment:checking '/home/sun/Desktop/plugin_github/nav2_3d_costmap_plugin/install/nav2_3d_static_layer' for CMake module files
[21.217s] Level 1:colcon.colcon_core.environment:checking '/home/sun/Desktop/plugin_github/nav2_3d_costmap_plugin/install/nav2_3d_static_layer' for CMake config files
[21.218s] Level 1:colcon.colcon_core.shell:create_environment_hook('nav2_3d_static_layer', 'cmake_prefix_path')
[21.218s] INFO:colcon.colcon_core.shell:Creating environment hook '/home/sun/Desktop/plugin_github/nav2_3d_costmap_plugin/install/nav2_3d_static_layer/share/nav2_3d_static_layer/hook/cmake_prefix_path.ps1'
[21.219s] INFO:colcon.colcon_core.shell:Creating environment descriptor '/home/sun/Desktop/plugin_github/nav2_3d_costmap_plugin/install/nav2_3d_static_layer/share/nav2_3d_static_layer/hook/cmake_prefix_path.dsv'
[21.220s] INFO:colcon.colcon_core.shell:Creating environment hook '/home/sun/Desktop/plugin_github/nav2_3d_costmap_plugin/install/nav2_3d_static_layer/share/nav2_3d_static_layer/hook/cmake_prefix_path.sh'
[21.221s] Level 1:colcon.colcon_core.environment:checking '/home/sun/Desktop/plugin_github/nav2_3d_costmap_plugin/install/nav2_3d_static_layer/lib'
[21.221s] Level 1:colcon.colcon_core.shell:create_environment_hook('nav2_3d_static_layer', 'ld_library_path_lib')
[21.221s] INFO:colcon.colcon_core.shell:Creating environment hook '/home/sun/Desktop/plugin_github/nav2_3d_costmap_plugin/install/nav2_3d_static_layer/share/nav2_3d_static_layer/hook/ld_library_path_lib.ps1'
[21.222s] INFO:colcon.colcon_core.shell:Creating environment descriptor '/home/sun/Desktop/plugin_github/nav2_3d_costmap_plugin/install/nav2_3d_static_layer/share/nav2_3d_static_layer/hook/ld_library_path_lib.dsv'
[21.222s] INFO:colcon.colcon_core.shell:Creating environment hook '/home/sun/Desktop/plugin_github/nav2_3d_costmap_plugin/install/nav2_3d_static_layer/share/nav2_3d_static_layer/hook/ld_library_path_lib.sh'
[21.222s] Level 1:colcon.colcon_core.environment:checking '/home/sun/Desktop/plugin_github/nav2_3d_costmap_plugin/install/nav2_3d_static_layer/bin'
[21.223s] Level 1:colcon.colcon_core.environment:checking '/home/sun/Desktop/plugin_github/nav2_3d_costmap_plugin/install/nav2_3d_static_layer/lib/pkgconfig/nav2_3d_static_layer.pc'
[21.223s] Level 1:colcon.colcon_core.environment:checking '/home/sun/Desktop/plugin_github/nav2_3d_costmap_plugin/install/nav2_3d_static_layer/lib/python3.8/site-packages'
[21.223s] INFO:colcon.colcon_core.shell:Creating package script '/home/sun/Desktop/plugin_github/nav2_3d_costmap_plugin/install/nav2_3d_static_layer/share/nav2_3d_static_layer/package.ps1'
[21.224s] INFO:colcon.colcon_core.shell:Creating package descriptor '/home/sun/Desktop/plugin_github/nav2_3d_costmap_plugin/install/nav2_3d_static_layer/share/nav2_3d_static_layer/package.dsv'
[21.225s] INFO:colcon.colcon_core.shell:Creating package script '/home/sun/Desktop/plugin_github/nav2_3d_costmap_plugin/install/nav2_3d_static_layer/share/nav2_3d_static_layer/package.sh'
[21.226s] INFO:colcon.colcon_core.shell:Creating package script '/home/sun/Desktop/plugin_github/nav2_3d_costmap_plugin/install/nav2_3d_static_layer/share/nav2_3d_static_layer/package.bash'
[21.228s] INFO:colcon.colcon_core.shell:Creating package script '/home/sun/Desktop/plugin_github/nav2_3d_costmap_plugin/install/nav2_3d_static_layer/share/nav2_3d_static_layer/package.zsh'
[21.229s] Level 1:colcon.colcon_core.environment:create_file_with_runtime_dependencies(/home/sun/Desktop/plugin_github/nav2_3d_costmap_plugin/install/nav2_3d_static_layer/share/colcon-core/packages/nav2_3d_static_layer)
[21.229s] DEBUG:colcon.colcon_parallel_executor.executor.parallel:closing loop
[21.230s] DEBUG:colcon.colcon_parallel_executor.executor.parallel:loop closed
[21.230s] DEBUG:colcon.colcon_parallel_executor.executor.parallel:run_until_complete finished with '0'
[21.230s] DEBUG:colcon.colcon_core.event_reactor:joining thread
[21.236s] INFO:colcon.colcon_core.plugin_system:Skipping extension 'colcon_notification.desktop_notification.terminal_notifier': Not used on non-Darwin systems
[21.236s] INFO:colcon.colcon_core.plugin_system:Skipping extension 'colcon_notification.desktop_notification.win32': Not used on non-Windows systems
[21.236s] INFO:colcon.colcon_notification.desktop_notification:Sending desktop notification using 'notify2'
[21.256s] DEBUG:colcon.colcon_core.event_reactor:joined thread
[21.256s] INFO:colcon.colcon_core.shell:Creating prefix script '/home/sun/Desktop/plugin_github/nav2_3d_costmap_plugin/install/local_setup.ps1'
[21.257s] INFO:colcon.colcon_core.shell:Creating prefix util module '/home/sun/Desktop/plugin_github/nav2_3d_costmap_plugin/install/_local_setup_util_ps1.py'
[21.258s] INFO:colcon.colcon_core.shell:Creating prefix chain script '/home/sun/Desktop/plugin_github/nav2_3d_costmap_plugin/install/setup.ps1'
[21.263s] INFO:colcon.colcon_core.shell:Creating prefix script '/home/sun/Desktop/plugin_github/nav2_3d_costmap_plugin/install/local_setup.sh'
[21.264s] INFO:colcon.colcon_core.shell:Creating prefix util module '/home/sun/Desktop/plugin_github/nav2_3d_costmap_plugin/install/_local_setup_util_sh.py'
[21.264s] INFO:colcon.colcon_core.shell:Creating prefix chain script '/home/sun/Desktop/plugin_github/nav2_3d_costmap_plugin/install/setup.sh'
[21.269s] INFO:colcon.colcon_core.shell:Creating prefix script '/home/sun/Desktop/plugin_github/nav2_3d_costmap_plugin/install/local_setup.bash'
[21.270s] INFO:colcon.colcon_core.shell:Creating prefix chain script '/home/sun/Desktop/plugin_github/nav2_3d_costmap_plugin/install/setup.bash'
[21.275s] INFO:colcon.colcon_core.shell:Creating prefix script '/home/sun/Desktop/plugin_github/nav2_3d_costmap_plugin/install/local_setup.zsh'
[21.275s] INFO:colcon.colcon_core.shell:Creating prefix chain script '/home/sun/Desktop/plugin_github/nav2_3d_costmap_plugin/install/setup.zsh'
