[0.024s] Invoking command in '/home/sun/Desktop/plugin_github/nav2_3d_costmap_plugin/build/nav2_3d_static_layer': CMAKE_PREFIX_PATH=${CMAKE_PREFIX_PATH}:/home/sun/turtlebot3_ws/install/turtlebot3_teleop:/home/sun/turtlebot3_ws/install/turtlebot3_example:/home/sun/navigation2/src/install/opencv_tests:/home/sun/navigation2/src/install/nav2_gazebo_spawner:/opt/ros/foxy /usr/bin/cmake --build /home/sun/Desktop/plugin_github/nav2_3d_costmap_plugin/build/nav2_3d_static_layer -- -j6 -l6
[0.108s] [35m[1mScanning dependencies of target nav2_3d_static_layer_core[0m
[0.110s] [ 25%] Built target gtest
[0.137s] [ 50%] Built target gtest_main
[0.185s] [ 62%] [32mBuilding CXX object CMakeFiles/nav2_3d_static_layer_core.dir/src/nav2_3d_static_layer.cpp.o[0m
[12.236s] [ 75%] [32m[1mLinking CXX shared library libnav2_3d_static_layer_core.so[0m
[14.158s] [ 75%] Built target nav2_3d_static_layer_core
[14.179s] [35m[1mScanning dependencies of target static3d_tests_exec[0m
[14.248s] [ 87%] [32mBuilding CXX object test/integration/CMakeFiles/static3d_tests_exec.dir/static3d_tests.cpp.o[0m
[22.623s] [100%] [32m[1mLinking CXX executable static3d_tests_exec[0m
[24.037s] [100%] Built target static3d_tests_exec
[24.052s] Invoked command in '/home/sun/Desktop/plugin_github/nav2_3d_costmap_plugin/build/nav2_3d_static_layer' returned '0': CMAKE_PREFIX_PATH=${CMAKE_PREFIX_PATH}:/home/sun/turtlebot3_ws/install/turtlebot3_teleop:/home/sun/turtlebot3_ws/install/turtlebot3_example:/home/sun/navigation2/src/install/opencv_tests:/home/sun/navigation2/src/install/nav2_gazebo_spawner:/opt/ros/foxy /usr/bin/cmake --build /home/sun/Desktop/plugin_github/nav2_3d_costmap_plugin/build/nav2_3d_static_layer -- -j6 -l6
[24.109s] Invoking command in '/home/sun/Desktop/plugin_github/nav2_3d_costmap_plugin/build/nav2_3d_static_layer': CMAKE_PREFIX_PATH=${CMAKE_PREFIX_PATH}:/home/sun/turtlebot3_ws/install/turtlebot3_teleop:/home/sun/turtlebot3_ws/install/turtlebot3_example:/home/sun/navigation2/src/install/opencv_tests:/home/sun/navigation2/src/install/nav2_gazebo_spawner:/opt/ros/foxy /usr/bin/cmake --install /home/sun/Desktop/plugin_github/nav2_3d_costmap_plugin/build/nav2_3d_static_layer
[24.120s] -- Install configuration: ""
[24.121s] -- Installing: /home/sun/Desktop/plugin_github/nav2_3d_costmap_plugin/install/nav2_3d_static_layer/lib/libnav2_3d_static_layer_core.so
[24.125s] -- Set runtime path of "/home/sun/Desktop/plugin_github/nav2_3d_costmap_plugin/install/nav2_3d_static_layer/lib/libnav2_3d_static_layer_core.so" to ""
[24.125s] -- Up-to-date: /home/sun/Desktop/plugin_github/nav2_3d_costmap_plugin/install/nav2_3d_static_layer/share/nav2_3d_static_layer/nav2_3d_static_layer.xml
[24.126s] -- Up-to-date: /home/sun/Desktop/plugin_github/nav2_3d_costmap_plugin/install/nav2_3d_static_layer/share/ament_index/resource_index/package_run_dependencies/nav2_3d_static_layer
[24.126s] -- Up-to-date: /home/sun/Desktop/plugin_github/nav2_3d_costmap_plugin/install/nav2_3d_static_layer/share/ament_index/resource_index/parent_prefix_path/nav2_3d_static_layer
[24.126s] -- Up-to-date: /home/sun/Desktop/plugin_github/nav2_3d_costmap_plugin/install/nav2_3d_static_layer/share/nav2_3d_static_layer/environment/ament_prefix_path.sh
[24.126s] -- Up-to-date: /home/sun/Desktop/plugin_github/nav2_3d_costmap_plugin/install/nav2_3d_static_layer/share/nav2_3d_static_layer/environment/ament_prefix_path.dsv
[24.126s] -- Up-to-date: /home/sun/Desktop/plugin_github/nav2_3d_costmap_plugin/install/nav2_3d_static_layer/share/nav2_3d_static_layer/environment/path.sh
[24.127s] -- Up-to-date: /home/sun/Desktop/plugin_github/nav2_3d_costmap_plugin/install/nav2_3d_static_layer/share/nav2_3d_static_layer/environment/path.dsv
[24.127s] -- Up-to-date: /home/sun/Desktop/plugin_github/nav2_3d_costmap_plugin/install/nav2_3d_static_layer/share/nav2_3d_static_layer/local_setup.bash
[24.127s] -- Up-to-date: /home/sun/Desktop/plugin_github/nav2_3d_costmap_plugin/install/nav2_3d_static_layer/share/nav2_3d_static_layer/local_setup.sh
[24.127s] -- Up-to-date: /home/sun/Desktop/plugin_github/nav2_3d_costmap_plugin/install/nav2_3d_static_layer/share/nav2_3d_static_layer/local_setup.zsh
[24.127s] -- Up-to-date: /home/sun/Desktop/plugin_github/nav2_3d_costmap_plugin/install/nav2_3d_static_layer/share/nav2_3d_static_layer/local_setup.dsv
[24.127s] -- Installing: /home/sun/Desktop/plugin_github/nav2_3d_costmap_plugin/install/nav2_3d_static_layer/share/nav2_3d_static_layer/package.dsv
[24.127s] -- Up-to-date: /home/sun/Desktop/plugin_github/nav2_3d_costmap_plugin/install/nav2_3d_static_layer/share/ament_index/resource_index/packages/nav2_3d_static_layer
[24.128s] -- Up-to-date: /home/sun/Desktop/plugin_github/nav2_3d_costmap_plugin/install/nav2_3d_static_layer/share/ament_index/resource_index/nav2_costmap_2d__pluginlib__plugin/nav2_3d_static_layer
[24.128s] -- Up-to-date: /home/sun/Desktop/plugin_github/nav2_3d_costmap_plugin/install/nav2_3d_static_layer/share/nav2_3d_static_layer/cmake/nav2_3d_static_layerConfig.cmake
[24.128s] -- Up-to-date: /home/sun/Desktop/plugin_github/nav2_3d_costmap_plugin/install/nav2_3d_static_layer/share/nav2_3d_static_layer/cmake/nav2_3d_static_layerConfig-version.cmake
[24.128s] -- Up-to-date: /home/sun/Desktop/plugin_github/nav2_3d_costmap_plugin/install/nav2_3d_static_layer/share/nav2_3d_static_layer/package.xml
[24.130s] Invoked command in '/home/sun/Desktop/plugin_github/nav2_3d_costmap_plugin/build/nav2_3d_static_layer' returned '0': CMAKE_PREFIX_PATH=${CMAKE_PREFIX_PATH}:/home/sun/turtlebot3_ws/install/turtlebot3_teleop:/home/sun/turtlebot3_ws/install/turtlebot3_example:/home/sun/navigation2/src/install/opencv_tests:/home/sun/navigation2/src/install/nav2_gazebo_spawner:/opt/ros/foxy /usr/bin/cmake --install /home/sun/Desktop/plugin_github/nav2_3d_costmap_plugin/build/nav2_3d_static_layer
